{
  "attributes": {
    "title": "\u6d4b\u8bd5\u62a5\u544a",
    "tester": "\u6d4b\u8bd5\u4eba\u5458",
    "description": "",
    "start_time": "2020-07-03 15:27:45",
    "duration": "0:00:00.000770"
  },
  "result": {
    "count": "3",
    "Pass": "1",
    "fail": "1",
    "error": "1",
    "pass_rate": "33.33%",
    "case_results": [
      {
        "id": 1,
        "desc": "testDemo.TestDemo: testDemo_doc",
        "count": 1,
        "Pass": 1,
        "fail": 0,
        "error": 0,
        "method_results": [
          {
            "id": "pt1_1",
            "Class": "hiddenRow",
            "style": "passCase",
            "desc": "test_foo_1: test_demo1_doc",
            "status": "\u901a\u8fc7",
            "error": "",
            "output": "test_demo1 running\n"
          }
        ]
      },
      {
        "id": 2,
        "desc": "test_foo.TestFoo: testFoo_doc",
        "count": 2,
        "Pass": 0,
        "fail": 1,
        "error": 1,
        "method_results": [
          {
            "id": "ft2_1",
            "Class": "none",
            "style": "failCase",
            "desc": "test_foo_1: test_foo1_doc",
            "status": "\u5931\u8d25",
            "error": "Traceback (most recent call last):\n  File \"/Users/lanyuting/repositories/json_test_runner/cases/test_foo.py\", line 11, in test_foo_1\n    self.assertTrue(False)\nAssertionError: False is not true\n",
            "output": "test_foo1 running\n"
          },
          {
            "id": "ft2_2",
            "Class": "none",
            "style": "errorCase",
            "desc": "test_foo_2: test_foo2_doc",
            "status": "\u9519\u8bef",
            "error": "Traceback (most recent call last):\n  File \"/Users/lanyuting/repositories/json_test_runner/cases/test_foo.py\", line 16, in test_foo_2\n    print('a'+1)\nTypeError: can only concatenate str (not \"int\") to str\n",
            "output": "test_foo2 running\n"
          }
        ]
      }
    ]
  }
}